D:\FACULTAD\PROYECTO\WINGLET\WINGLET\DEBUG\DATA.OBJ
D:\FACULTAD\PROYECTO\WINGLET\WINGLET\DEBUG\DISPLAYMOVE.OBJ
D:\FACULTAD\PROYECTO\WINGLET\WINGLET\DEBUG\EVAL.OBJ
D:\FACULTAD\PROYECTO\WINGLET\WINGLET\DEBUG\HASH.OBJ
D:\FACULTAD\PROYECTO\WINGLET\WINGLET\DEBUG\MAKEMOVE.OBJ
D:\FACULTAD\PROYECTO\WINGLET\WINGLET\DEBUG\MOVE.OBJ
D:\FACULTAD\PROYECTO\WINGLET\WINGLET\DEBUG\MOVEGEN.OBJ
D:\FACULTAD\PROYECTO\WINGLET\WINGLET\DEBUG\PEEK.OBJ
D:\FACULTAD\PROYECTO\WINGLET\WINGLET\DEBUG\PERFT.OBJ
D:\FACULTAD\PROYECTO\WINGLET\WINGLET\DEBUG\QSEARCH.OBJ
D:\FACULTAD\PROYECTO\WINGLET\WINGLET\DEBUG\READFEN.OBJ
D:\FACULTAD\PROYECTO\WINGLET\WINGLET\DEBUG\SEARCH.OBJ
D:\FACULTAD\PROYECTO\WINGLET\WINGLET\DEBUG\SEE.OBJ
D:\FACULTAD\PROYECTO\WINGLET\WINGLET\DEBUG\SETUP.OBJ
D:\FACULTAD\PROYECTO\WINGLET\WINGLET\DEBUG\SORTMOVES.OBJ
D:\FACULTAD\PROYECTO\WINGLET\WINGLET\DEBUG\STDAFX.OBJ
D:\FACULTAD\PROYECTO\WINGLET\WINGLET\DEBUG\TEST.OBJ
D:\FACULTAD\PROYECTO\WINGLET\WINGLET\DEBUG\TIMER.OBJ
D:\FACULTAD\PROYECTO\WINGLET\WINGLET\DEBUG\WINGLET.OBJ
D:\FACULTAD\PROYECTO\WINGLET\WINGLET\DEBUG\WINGLETX.OBJ
D:\FACULTAD\PROYECTO\WINGLET\WINGLET\DEBUG\BITOPS.OBJ
D:\FACULTAD\PROYECTO\WINGLET\WINGLET\DEBUG\BOARD.OBJ
D:\FACULTAD\PROYECTO\WINGLET\WINGLET\DEBUG\COMMAND.OBJ
D:\FACULTAD\PROYECTO\WINGLET\WINGLET\DEBUG\VC100.PDB
D:\FACULTAD\PROYECTO\WINGLET\WINGLET\DEBUG\VC110.PDB
D:\FACULTAD\PROYECTO\WINGLET\WINGLET\DEBUG\WINGLET.ILK
D:\FACULTAD\PROYECTO\WINGLET\WINGLET\DEBUG\WINGLET.EXE
D:\FACULTAD\PROYECTO\WINGLET\WINGLET\DEBUG\WINGLET.EXE.INTERMEDIATE.MANIFEST
D:\FACULTAD\PROYECTO\WINGLET\WINGLET\DEBUG\WINGLET.PDB
D:\FACULTAD\PROYECTO\WINGLET\WINGLET\DEBUG\WINGLET.EXE.EMBED.MANIFEST
D:\FACULTAD\PROYECTO\WINGLET\WINGLET\DEBUG\WINGLET.EXE.EMBED.MANIFEST.RES
D:\Facultad\PROYECTO\winglet\winglet\Debug\bitops.obj
D:\Facultad\PROYECTO\winglet\winglet\Debug\board.obj
D:\Facultad\PROYECTO\winglet\winglet\Debug\command.obj
D:\Facultad\PROYECTO\winglet\winglet\Debug\data.obj
D:\Facultad\PROYECTO\winglet\winglet\Debug\displaymove.obj
D:\Facultad\PROYECTO\winglet\winglet\Debug\eval.obj
D:\Facultad\PROYECTO\winglet\winglet\Debug\hash.obj
D:\Facultad\PROYECTO\winglet\winglet\Debug\makemove.obj
D:\Facultad\PROYECTO\winglet\winglet\Debug\move.obj
D:\Facultad\PROYECTO\winglet\winglet\Debug\movegen.obj
D:\Facultad\PROYECTO\winglet\winglet\Debug\peek.obj
D:\Facultad\PROYECTO\winglet\winglet\Debug\perft.obj
D:\Facultad\PROYECTO\winglet\winglet\Debug\qsearch.obj
D:\Facultad\PROYECTO\winglet\winglet\Debug\readfen.obj
D:\Facultad\PROYECTO\winglet\winglet\Debug\search.obj
D:\Facultad\PROYECTO\winglet\winglet\Debug\see.obj
D:\Facultad\PROYECTO\winglet\winglet\Debug\setup.obj
D:\Facultad\PROYECTO\winglet\winglet\Debug\sortmoves.obj
D:\Facultad\PROYECTO\winglet\winglet\Debug\stdafx.obj
D:\Facultad\PROYECTO\winglet\winglet\Debug\test.obj
D:\Facultad\PROYECTO\winglet\winglet\Debug\timer.obj
D:\Facultad\PROYECTO\winglet\winglet\Debug\winglet.obj
D:\Facultad\PROYECTO\winglet\winglet\Debug\wingletx.obj
D:\Facultad\PROYECTO\winglet\winglet\Debug\cl.command.1.tlog
D:\Facultad\PROYECTO\winglet\winglet\Debug\CL.read.1.tlog
D:\Facultad\PROYECTO\winglet\winglet\Debug\CL.write.1.tlog
D:\Facultad\PROYECTO\winglet\winglet\Debug\link-cvtres.read.1.tlog
D:\Facultad\PROYECTO\winglet\winglet\Debug\link-cvtres.write.1.tlog
D:\Facultad\PROYECTO\winglet\winglet\Debug\link-rc.read.1.tlog
D:\Facultad\PROYECTO\winglet\winglet\Debug\link-rc.write.1.tlog
D:\Facultad\PROYECTO\winglet\winglet\Debug\link.5000-cvtres.read.1.tlog
D:\Facultad\PROYECTO\winglet\winglet\Debug\link.5000-cvtres.write.1.tlog
D:\Facultad\PROYECTO\winglet\winglet\Debug\link.5000.read.1.tlog
D:\Facultad\PROYECTO\winglet\winglet\Debug\link.5000.write.1.tlog
D:\Facultad\PROYECTO\winglet\winglet\Debug\link.command.1.tlog
D:\Facultad\PROYECTO\winglet\winglet\Debug\link.read.1.tlog
D:\Facultad\PROYECTO\winglet\winglet\Debug\link.write.1.tlog
D:\Facultad\PROYECTO\winglet\winglet\Debug\mt.command.1.tlog
D:\Facultad\PROYECTO\winglet\winglet\Debug\mt.read.1.tlog
D:\Facultad\PROYECTO\winglet\winglet\Debug\mt.write.1.tlog
D:\Facultad\PROYECTO\winglet\winglet\Debug\rc.command.1.tlog
D:\Facultad\PROYECTO\winglet\winglet\Debug\rc.read.1.tlog
D:\Facultad\PROYECTO\winglet\winglet\Debug\rc.write.1.tlog
D:\Facultad\PROYECTO\winglet\winglet\Debug\winglet.exe.embed.manifest
D:\Facultad\PROYECTO\winglet\winglet\Debug\winglet.exe.intermediate.manifest
D:\Facultad\PROYECTO\winglet\winglet\Debug\winglet.exe.embed.manifest.res
D:\Facultad\PROYECTO\winglet\winglet\Debug\vc100.idb
D:\Facultad\PROYECTO\winglet\winglet\Debug\vc110.idb
D:\Facultad\PROYECTO\winglet\winglet\Debug\vc100.pdb
D:\Facultad\PROYECTO\winglet\winglet\Debug\vc110.pdb
D:\Facultad\PROYECTO\winglet\winglet\Debug\winglet_manifest.rc
